<?xml version="1.0"?><coverage lines-covered="1531" lines-valid="3895" line-rate="0.39306803594351736" branches-covered="0" branches-valid="0" branch-rate="0" complexity="0" version="1.9" timestamp="1768932081"><sources><source>/home/robert/Documents/KeyboardLayouts/DataDrivenAnalysis/keyforge</source></sources><packages><package name="libs/keyforge-persistence/src" line-rate="0" branch-rate="0" complexity="0"><classes><class name="compiler" filename="libs/keyforge-persistence/src/compiler.rs" line-rate="0" branch-rate="0" complexity="0"><methods/><lines><line number="20" hits="0"/><line number="21" hits="0"/><line number="22" hits="0"/><line number="23" hits="0"/><line number="26" hits="0"/><line number="28" hits="0"/><line number="30" hits="0"/><line number="31" hits="0"/><line number="32" hits="0"/><line number="33" hits="0"/><line number="36" hits="0"/><line number="38" hits="0"/><line number="39" hits="0"/><line number="42" hits="0"/><line number="44" hits="0"/><line number="45" hits="0"/><line number="48" hits="0"/><line number="49" hits="0"/><line number="51" hits="0"/><line number="53" hits="0"/><line number="56" hits="0"/><line number="58" hits="0"/><line number="59" hits="0"/><line number="60" hits="0"/><line number="61" hits="0"/><line number="63" hits="0"/><line number="66" hits="0"/><line number="70" hits="0"/><line number="71" hits="0"/><line number="72" hits="0"/><line number="74" hits="0"/><line number="76" hits="0"/></lines></class></classes></package><package name="apps/keyforge-ui/src-tauri/target/debug/build/x11-dl-c321b875e3ba6863/out" line-rate="0" branch-rate="0" complexity="0"><classes></classes></package><package name="apps/keyforge-ui/src-tauri/target/debug/build/serde-ee5ed373ba460f5a/out" line-rate="0" branch-rate="0" complexity="0"><classes></classes></package><package name="apps/keyforge-cli/src/cli_args" line-rate="0" branch-rate="0" complexity="0"><classes></classes></package><package name="corpora/openbookcorpus/target/debug/build/serde-5e55967fd4a49097/out" line-rate="0" branch-rate="0" complexity="0"><classes></classes></package><package name="apps/keyforge-hive/src/features" line-rate="0" branch-rate="0" complexity="0"><classes></classes></package><package name="libs/keyforge-export/src/viz" line-rate="0" branch-rate="0" complexity="0"><classes></classes></package><package name="apps/keyforge-ui/src-tauri/target/debug/build/serde_core-c440cfef306627e3/out" line-rate="0" branch-rate="0" complexity="0"><classes></classes></package><package name="libs/keyforge-model/src" line-rate="0.1822429906542056" branch-rate="0" complexity="0"><classes><class name="asset" filename="libs/keyforge-model/src/asset.rs" line-rate="0" branch-rate="0" complexity="0"><methods/><lines><line number="52" hits="0"/><line number="53" hits="0"/><line number="62" hits="0"/><line number="63" hits="0"/></lines></class><class name="corpus" filename="libs/keyforge-model/src/corpus.rs" line-rate="0.15625" branch-rate="0" complexity="0"><methods/><lines><line number="48" hits="3"/><line number="50" hits="10"/><line number="51" hits="3"/><line number="52" hits="10"/><line number="53" hits="3"/><line number="59" hits="0"/><line number="60" hits="0"/><line number="71" hits="0"/><line number="74" hits="0"/><line number="75" hits="0"/><line number="77" hits="0"/><line number="84" hits="0"/><line number="88" hits="0"/><line number="90" hits="0"/><line number="91" hits="0"/><line number="97" hits="0"/><line number="98" hits="0"/><line number="103" hits="0"/><line number="109" hits="0"/><line number="110" hits="0"/><line number="114" hits="0"/><line number="120" hits="0"/><line number="121" hits="0"/><line number="125" hits="0"/><line number="131" hits="0"/><line number="132" hits="0"/><line number="136" hits="0"/><line number="137" hits="0"/><line number="138" hits="0"/><line number="139" hits="0"/><line number="143" hits="0"/><line number="144" hits="0"/></lines></class><class name="cost_model" filename="libs/keyforge-model/src/cost_model.rs" line-rate="1" branch-rate="0" complexity="0"><methods/><lines><line number="54" hits="1"/><line number="56" hits="1"/><line number="57" hits="2"/><line number="58" hits="2"/></lines></class><class name="job" filename="libs/keyforge-model/src/job.rs" line-rate="0" branch-rate="0" complexity="0"><methods/><lines><line number="46" hits="0"/><line number="54" hits="0"/><line number="57" hits="0"/><line number="58" hits="0"/><line number="60" hits="0"/><line number="61" hits="0"/><line number="63" hits="0"/><line number="64" hits="0"/><line number="65" hits="0"/><line number="68" hits="0"/><line number="70" hits="0"/><line number="71" hits="0"/><line number="72" hits="0"/><line number="75" hits="0"/><line number="76" hits="0"/><line number="77" hits="0"/><line number="79" hits="0"/><line number="80" hits="0"/><line number="83" hits="0"/><line number="84" hits="0"/><line number="85" hits="0"/><line number="89" hits="0"/><line number="90" hits="0"/><line number="91" hits="0"/><line number="102" hits="0"/></lines></class><class name="keyboard" filename="libs/keyforge-model/src/keyboard.rs" line-rate="0.9523809523809523" branch-rate="0" complexity="0"><methods/><lines><line number="44" hits="7"/><line number="45" hits="13"/><line number="46" hits="0"/><line number="47" hits="0"/><line number="54" hits="6"/><line number="55" hits="7"/><line number="57" hits="6"/><line number="58" hits="2"/><line number="59" hits="10"/><line number="62" hits="6"/><line number="63" hits="2"/><line number="64" hits="7"/><line number="65" hits="11"/><line number="66" hits="23"/><line number="67" hits="3"/><line number="68" hits="10"/><line number="69" hits="3"/><line number="72" hits="3"/><line number="75" hits="7"/><line number="77" hits="6"/><line number="80" hits="20"/><line number="83" hits="6"/><line number="86" hits="20"/><line number="91" hits="6"/><line number="94" hits="13"/><line number="95" hits="13"/><line number="98" hits="7"/><line number="101" hits="13"/><line number="102" hits="6"/><line number="105" hits="13"/><line number="106" hits="13"/><line number="107" hits="12"/><line number="108" hits="6"/><line number="109" hits="7"/><line number="113" hits="3"/><line number="114" hits="4"/><line number="115" hits="1"/><line number="116" hits="9"/><line number="119" hits="12"/><line number="120" hits="2"/><line number="128" hits="7"/><line number="129" hits="6"/></lines></class><class name="keycodes" filename="libs/keyforge-model/src/keycodes.rs" line-rate="0" branch-rate="0" complexity="0"><methods/><lines><line number="47" hits="0"/><line number="48" hits="0"/><line number="49" hits="0"/><line number="52" hits="0"/><line number="53" hits="0"/><line number="58" hits="0"/><line number="76" hits="0"/><line number="77" hits="0"/><line number="82" hits="0"/><line number="83" hits="0"/><line number="92" hits="0"/><line number="93" hits="0"/><line number="94" hits="0"/><line number="99" hits="0"/><line number="100" hits="0"/><line number="101" hits="0"/><line number="103" hits="0"/><line number="104" hits="0"/><line number="105" hits="0"/><line number="106" hits="0"/><line number="108" hits="0"/><line number="109" hits="0"/><line number="112" hits="0"/><line number="119" hits="0"/><line number="120" hits="0"/><line number="122" hits="0"/><line number="123" hits="0"/><line number="129" hits="0"/><line number="131" hits="0"/><line number="132" hits="0"/><line number="138" hits="0"/><line number="139" hits="0"/><line number="143" hits="0"/><line number="144" hits="0"/><line number="146" hits="0"/><line number="147" hits="0"/><line number="152" hits="0"/><line number="153" hits="0"/><line number="154" hits="0"/><line number="156" hits="0"/><line number="157" hits="0"/><line number="158" hits="0"/><line number="160" hits="0"/><line number="162" hits="0"/><line number="163" hits="0"/><line number="164" hits="0"/><line number="167" hits="0"/><line number="171" hits="0"/><line number="172" hits="0"/><line number="173" hits="0"/><line number="174" hits="0"/><line number="175" hits="0"/><line number="176" hits="0"/><line number="177" hits="0"/><line number="178" hits="0"/><line number="179" hits="0"/><line number="186" hits="0"/><line number="187" hits="0"/><line number="192" hits="0"/><line number="193" hits="0"/><line number="194" hits="0"/><line number="196" hits="0"/><line number="200" hits="0"/><line number="201" hits="0"/><line number="202" hits="0"/><line number="203" hits="0"/><line number="204" hits="0"/><line number="205" hits="0"/><line number="206" hits="0"/><line number="207" hits="0"/><line number="208" hits="0"/><line number="209" hits="0"/><line number="210" hits="0"/><line number="211" hits="0"/><line number="212" hits="0"/><line number="213" hits="0"/><line number="214" hits="0"/><line number="215" hits="0"/><line number="216" hits="0"/><line number="217" hits="0"/><line number="218" hits="0"/><line number="219" hits="0"/><line number="220" hits="0"/><line number="221" hits="0"/></lines></class><class name="layout" filename="libs/keyforge-model/src/layout.rs" line-rate="0.14285714285714285" branch-rate="0" complexity="0"><methods/><lines><line number="49" hits="2"/><line number="55" hits="0"/><line number="56" hits="0"/><line number="61" hits="0"/><line number="62" hits="0"/><line number="69" hits="0"/><line number="71" hits="0"/></lines></class><class name="parsing" filename="libs/keyforge-model/src/parsing.rs" line-rate="0" branch-rate="0" complexity="0"><methods/><lines><line number="64" hits="0"/><line number="65" hits="0"/><line number="66" hits="0"/><line number="68" hits="0"/><line number="70" hits="0"/><line number="73" hits="0"/><line number="74" hits="0"/><line number="75" hits="0"/><line number="76" hits="0"/><line number="81" hits="0"/><line number="83" hits="0"/><line number="84" hits="0"/><line number="85" hits="0"/><line number="88" hits="0"/><line number="89" hits="0"/><line number="90" hits="0"/><line number="93" hits="0"/><line number="94" hits="0"/><line number="95" hits="0"/><line number="98" hits="0"/><line number="99" hits="0"/><line number="100" hits="0"/><line number="102" hits="0"/><line number="103" hits="0"/><line number="105" hits="0"/><line number="110" hits="0"/><line number="111" hits="0"/><line number="112" hits="0"/><line number="113" hits="0"/><line number="114" hits="0"/><line number="115" hits="0"/><line number="119" hits="0"/><line number="120" hits="0"/><line number="122" hits="0"/><line number="125" hits="0"/><line number="126" hits="0"/><line number="127" hits="0"/><line number="128" hits="0"/><line number="129" hits="0"/><line number="137" hits="0"/><line number="138" hits="0"/><line number="142" hits="0"/><line number="146" hits="0"/><line number="149" hits="0"/><line number="153" hits="0"/><line number="154" hits="0"/><line number="155" hits="0"/><line number="156" hits="0"/><line number="157" hits="0"/><line number="158" hits="0"/><line number="161" hits="0"/><line number="165" hits="0"/><line number="166" hits="0"/><line number="167" hits="0"/><line number="168" hits="0"/><line number="169" hits="0"/><line number="170" hits="0"/><line number="171" hits="0"/><line number="172" hits="0"/><line number="173" hits="0"/><line number="174" hits="0"/><line number="179" hits="0"/></lines></class><class name="rubric" filename="libs/keyforge-model/src/rubric.rs" line-rate="0.16666666666666666" branch-rate="0" complexity="0"><methods/><lines><line number="68" hits="10"/><line number="70" hits="3"/><line number="96" hits="0"/><line number="97" hits="0"/><line number="98" hits="0"/><line number="103" hits="0"/><line number="104" hits="0"/><line number="105" hits="0"/><line number="109" hits="0"/><line number="110" hits="0"/><line number="111" hits="0"/><line number="114" hits="0"/></lines></class><class name="testing" filename="libs/keyforge-model/src/testing.rs" line-rate="0.9655172413793104" branch-rate="0" complexity="0"><methods/><lines><line number="12" hits="0"/><line number="13" hits="0"/><line number="21" hits="1"/><line number="22" hits="1"/><line number="30" hits="1"/><line number="31" hits="1"/><line number="39" hits="1"/><line number="40" hits="1"/><line number="48" hits="1"/><line number="49" hits="1"/><line number="57" hits="1"/><line number="59" hits="1"/><line number="63" hits="1"/><line number="64" hits="2"/><line number="65" hits="2"/><line number="66" hits="2"/><line number="67" hits="1"/><line number="69" hits="3"/><line number="94" hits="1"/><line number="96" hits="1"/><line number="97" hits="2"/><line number="99" hits="1"/><line number="100" hits="3"/><line number="101" hits="1"/><line number="103" hits="1"/><line number="113" hits="1"/><line number="115" hits="1"/><line number="116" hits="1"/><line number="117" hits="1"/><line number="119" hits="3"/><line number="120" hits="1"/><line number="121" hits="3"/><line number="122" hits="2"/><line number="124" hits="1"/><line number="125" hits="1"/><line number="126" hits="1"/><line number="127" hits="1"/><line number="128" hits="1"/><line number="131" hits="4"/><line number="132" hits="3"/><line number="133" hits="1"/><line number="143" hits="1"/><line number="145" hits="1"/><line number="157" hits="3"/><line number="158" hits="1"/><line number="159" hits="2"/><line number="160" hits="2"/><line number="162" hits="1"/><line number="163" hits="1"/><line number="164" hits="1"/><line number="165" hits="1"/><line number="166" hits="1"/><line number="167" hits="1"/><line number="168" hits="1"/><line number="169" hits="1"/><line number="170" hits="1"/><line number="171" hits="1"/><line number="172" hits="1"/></lines></class><class name="types" filename="libs/keyforge-model/src/types.rs" line-rate="0.6" branch-rate="0" complexity="0"><methods/><lines><line number="33" hits="1"/><line number="34" hits="1"/><line number="39" hits="5"/><line number="40" hits="6"/><line number="44" hits="8"/><line number="45" hits="6"/><line number="59" hits="0"/><line number="64" hits="0"/><line number="69" hits="1"/><line number="70" hits="1"/><line number="89" hits="0"/><line number="90" hits="0"/><line number="94" hits="6"/><line number="95" hits="7"/><line number="99" hits="3"/><line number="100" hits="3"/><line number="104" hits="0"/><line number="105" hits="0"/><line number="115" hits="0"/><line number="116" hits="0"/><line number="117" hits="0"/><line number="119" hits="0"/><line number="148" hits="4"/><line number="154" hits="0"/><line number="155" hits="0"/><line number="159" hits="6"/><line number="160" hits="7"/><line number="166" hits="5"/><line number="167" hits="6"/><line number="172" hits="1"/><line number="173" hits="1"/><line number="178" hits="2"/><line number="179" hits="2"/><line number="189" hits="0"/><line number="190" hits="0"/><line number="191" hits="0"/><line number="193" hits="0"/><line number="207" hits="1"/><line number="208" hits="1"/><line number="221" hits="0"/><line number="222" hits="0"/><line number="247" hits="5"/><line number="248" hits="5"/><line number="249" hits="1"/><line number="251" hits="5"/><line number="252" hits="10"/><line number="253" hits="0"/><line number="255" hits="6"/><line number="260" hits="0"/><line number="267" hits="3"/><line number="268" hits="2"/><line number="272" hits="8"/><line number="273" hits="6"/><line number="277" hits="0"/><line number="278" hits="0"/><line number="282" hits="3"/><line number="283" hits="2"/><line number="289" hits="1"/><line number="290" hits="1"/><line number="296" hits="0"/><line number="297" hits="0"/><line number="303" hits="1"/><line number="304" hits="1"/><line number="310" hits="0"/><line number="311" hits="0"/></lines></class></classes></package><package name="libs/keyforge-physics/src/analysis" line-rate="0.984375" branch-rate="0" complexity="0"><classes><class name="fingerprint" filename="libs/keyforge-physics/src/analysis/fingerprint.rs" line-rate="1" branch-rate="0" complexity="0"><methods/><lines><line number="42" hits="2"/><line number="43" hits="4"/><line number="44" hits="2"/><line number="45" hits="4"/><line number="46" hits="2"/><line number="47" hits="2"/><line number="48" hits="2"/><line number="52" hits="2"/><line number="53" hits="2"/><line number="54" hits="2"/><line number="56" hits="4"/><line number="57" hits="4"/><line number="58" hits="2"/><line number="62" hits="2"/><line number="63" hits="2"/><line number="64" hits="5"/><line number="65" hits="1"/><line number="70" hits="6"/><line number="71" hits="2"/><line number="73" hits="10"/><line number="74" hits="2"/><line number="75" hits="2"/><line number="82" hits="2"/><line number="83" hits="2"/><line number="84" hits="1"/><line number="87" hits="1"/><line number="91" hits="2"/><line number="92" hits="6"/></lines></class><class name="heuristics" filename="libs/keyforge-physics/src/analysis/heuristics.rs" line-rate="0.9722222222222222" branch-rate="0" complexity="0"><methods/><lines><line number="22" hits="2"/><line number="28" hits="6"/><line number="29" hits="1"/><line number="32" hits="2"/><line number="33" hits="11"/><line number="34" hits="1"/><line number="37" hits="4"/><line number="38" hits="2"/><line number="41" hits="2"/><line number="42" hits="5"/><line number="46" hits="3"/><line number="47" hits="4"/><line number="48" hits="3"/><line number="49" hits="4"/><line number="50" hits="3"/><line number="51" hits="2"/><line number="55" hits="3"/><line number="56" hits="5"/><line number="57" hits="2"/><line number="62" hits="3"/><line number="63" hits="4"/><line number="68" hits="4"/><line number="70" hits="2"/><line number="72" hits="2"/><line number="74" hits="1"/><line number="76" hits="1"/><line number="77" hits="1"/><line number="79" hits="0"/><line number="82" hits="1"/><line number="83" hits="1"/><line number="86" hits="1"/><line number="87" hits="2"/><line number="89" hits="1"/><line number="96" hits="4"/><line number="97" hits="2"/><line number="98" hits="2"/></lines></class></classes></package><package name="ops/templates" line-rate="0" branch-rate="0" complexity="0"><classes></classes></package><package name="apps/keyforge-ui/src-tauri/target/debug/build/serde_core-8867a80d6f0ec1ff/out" line-rate="0" branch-rate="0" complexity="0"><classes></classes></package><package name="tests/system/tests" line-rate="0" branch-rate="0" complexity="0"><classes></classes></package><package name="apps/keyforge-cli/src/cmd" line-rate="0" branch-rate="0" complexity="0"><classes></classes></package><package name="libs/keyforge-model/src/geometry" line-rate="0.04878048780487805" branch-rate="0" complexity="0"><classes><class name="kle" filename="libs/keyforge-model/src/geometry/kle.rs" line-rate="0" branch-rate="0" complexity="0"><methods/><lines><line number="31" hits="0"/><line number="32" hits="0"/><line number="36" hits="0"/><line number="39" hits="0"/><line number="41" hits="0"/><line number="44" hits="0"/><line number="45" hits="0"/><line number="46" hits="0"/><line number="47" hits="0"/><line number="48" hits="0"/><line number="49" hits="0"/><line number="50" hits="0"/><line number="51" hits="0"/><line number="55" hits="0"/><line number="56" hits="0"/><line number="58" hits="0"/><line number="61" hits="0"/><line number="64" hits="0"/><line number="66" hits="0"/><line number="67" hits="0"/><line number="70" hits="0"/><line number="71" hits="0"/><line number="73" hits="0"/><line number="75" hits="0"/><line number="77" hits="0"/><line number="81" hits="0"/><line number="82" hits="0"/><line number="88" hits="0"/><line number="95" hits="0"/><line number="96" hits="0"/><line number="97" hits="0"/><line number="98" hits="0"/><line number="99" hits="0"/><line number="100" hits="0"/><line number="101" hits="0"/><line number="102" hits="0"/><line number="103" hits="0"/><line number="107" hits="0"/><line number="110" hits="0"/><line number="112" hits="0"/><line number="113" hits="0"/><line number="116" hits="0"/><line number="117" hits="0"/><line number="120" hits="0"/><line number="129" hits="0"/><line number="137" hits="0"/><line number="138" hits="0"/><line number="139" hits="0"/><line number="141" hits="0"/><line number="142" hits="0"/><line number="145" hits="0"/><line number="148" hits="0"/><line number="149" hits="0"/><line number="151" hits="0"/><line number="152" hits="0"/></lines></class><class name="mod" filename="libs/keyforge-model/src/geometry/mod.rs" line-rate="0.08823529411764706" branch-rate="0" complexity="0"><methods/><lines><line number="74" hits="0"/><line number="75" hits="0"/><line number="80" hits="0"/><line number="81" hits="0"/><line number="82" hits="0"/><line number="135" hits="2"/><line number="138" hits="8"/><line number="146" hits="5"/><line number="147" hits="6"/><line number="148" hits="7"/><line number="149" hits="6"/><line number="181" hits="0"/><line number="182" hits="0"/><line number="183" hits="0"/><line number="185" hits="0"/><line number="186" hits="0"/><line number="188" hits="0"/><line number="193" hits="0"/><line number="194" hits="0"/><line number="195" hits="0"/><line number="197" hits="0"/><line number="198" hits="0"/><line number="200" hits="0"/><line number="201" hits="0"/><line number="203" hits="0"/><line number="204" hits="0"/><line number="207" hits="0"/><line number="208" hits="0"/><line number="209" hits="0"/><line number="212" hits="0"/><line number="216" hits="0"/><line number="217" hits="0"/><line number="219" hits="0"/><line number="220" hits="0"/><line number="221" hits="0"/><line number="223" hits="0"/><line number="224" hits="0"/><line number="228" hits="0"/><line number="229" hits="0"/><line number="230" hits="0"/><line number="232" hits="0"/><line number="233" hits="0"/><line number="236" hits="0"/><line number="239" hits="0"/><line number="240" hits="0"/><line number="243" hits="0"/><line number="247" hits="0"/><line number="257" hits="0"/><line number="258" hits="0"/><line number="259" hits="0"/><line number="261" hits="0"/><line number="262" hits="0"/><line number="263" hits="0"/><line number="264" hits="0"/><line number="265" hits="0"/><line number="266" hits="0"/><line number="267" hits="0"/><line number="268" hits="0"/><line number="270" hits="0"/><line number="271" hits="0"/><line number="274" hits="0"/><line number="279" hits="0"/><line number="281" hits="0"/><line number="282" hits="0"/><line number="283" hits="0"/><line number="284" hits="0"/><line number="293" hits="0"/><line number="294" hits="0"/></lines></class></classes></package><package name="libs/keyforge-infra" line-rate="0" branch-rate="0" complexity="0"><classes></classes></package><package name="apps/keyforge-ui/src-tauri/target/debug/build/thiserror-a44c670a56bfb3f0/out" line-rate="0" branch-rate="0" complexity="0"><classes></classes></package><package name="apps/keyforge-cli/src/reports" line-rate="0" branch-rate="0" complexity="0"><classes></classes></package><package name="apps/keyforge-ui/src-tauri/target/debug/build/selectors-732c7ee9d406cdc3/out" line-rate="0" branch-rate="0" complexity="0"><classes></classes></package><package name="apps/keyforge-ui/src-tauri/target/debug/build/markup5ever-dd4187bd3086f9f0/out" line-rate="0" branch-rate="0" complexity="0"><classes></classes></package><package name="apps/keyforge-ui/src-tauri/target/debug/build/serde-65d00b18635639e2/out" line-rate="0" branch-rate="0" complexity="0"><classes></classes></package><package name="libs/keyforge-compute/src" line-rate="0" branch-rate="0" complexity="0"><classes><class name="builder" filename="libs/keyforge-compute/src/builder.rs" line-rate="0" branch-rate="0" complexity="0"><methods/><lines><line number="39" hits="0"/><line number="40" hits="0"/><line number="41" hits="0"/><line number="42" hits="0"/><line number="43" hits="0"/><line number="44" hits="0"/><line number="45" hits="0"/><line number="46" hits="0"/><line number="47" hits="0"/><line number="53" hits="0"/><line number="62" hits="0"/><line number="71" hits="0"/><line number="72" hits="0"/><line number="73" hits="0"/><line number="77" hits="0"/><line number="78" hits="0"/><line number="79" hits="0"/><line number="87" hits="0"/><line number="88" hits="0"/><line number="89" hits="0"/><line number="93" hits="0"/><line number="94" hits="0"/><line number="95" hits="0"/><line number="103" hits="0"/><line number="104" hits="0"/><line number="105" hits="0"/><line number="106" hits="0"/><line number="109" hits="0"/><line number="113" hits="0"/><line number="114" hits="0"/><line number="115" hits="0"/><line number="123" hits="0"/><line number="124" hits="0"/><line number="125" hits="0"/><line number="129" hits="0"/><line number="130" hits="0"/><line number="131" hits="0"/><line number="135" hits="0"/><line number="136" hits="0"/><line number="137" hits="0"/><line number="141" hits="0"/><line number="142" hits="0"/><line number="143" hits="0"/><line number="151" hits="0"/><line number="152" hits="0"/><line number="153" hits="0"/><line number="154" hits="0"/><line number="155" hits="0"/><line number="156" hits="0"/><line number="157" hits="0"/><line number="158" hits="0"/><line number="159" hits="0"/><line number="160" hits="0"/><line number="163" hits="0"/><line number="164" hits="0"/><line number="165" hits="0"/><line number="166" hits="0"/><line number="169" hits="0"/><line number="170" hits="0"/><line number="175" hits="0"/><line number="176" hits="0"/><line number="179" hits="0"/><line number="180" hits="0"/><line number="182" hits="0"/></lines></class><class name="lib" filename="libs/keyforge-compute/src/lib.rs" line-rate="0" branch-rate="0" complexity="0"><methods/><lines><line number="112" hits="0"/><line number="113" hits="0"/><line number="114" hits="0"/><line number="115" hits="0"/><line number="116" hits="0"/></lines></class></classes></package><package name="apps/keyforge-ui/src-tauri/target/debug/build/target-lexicon-e43485957d492b7a/out" line-rate="0" branch-rate="0" complexity="0"><classes></classes></package><package name="libs/keyforge-adapter/tests" line-rate="0" branch-rate="0" complexity="0"><classes></classes></package><package name="apps/keyforge-cli/src" line-rate="0" branch-rate="0" complexity="0"><classes></classes></package><package name="libs/keyforge-compute/tests" line-rate="0" branch-rate="0" complexity="0"><classes><class name="runtime_integration" filename="libs/keyforge-compute/tests/runtime_integration.rs" line-rate="0" branch-rate="0" complexity="0"><methods/><lines><line number="15" hits="0"/><line number="16" hits="0"/><line number="17" hits="0"/><line number="18" hits="0"/><line number="19" hits="0"/><line number="20" hits="0"/><line number="21" hits="0"/><line number="22" hits="0"/><line number="23" hits="0"/><line number="25" hits="0"/><line number="26" hits="0"/><line number="27" hits="0"/><line number="28" hits="0"/><line number="30" hits="0"/><line number="31" hits="0"/><line number="33" hits="0"/><line number="34" hits="0"/><line number="37" hits="0"/><line number="38" hits="0"/><line number="39" hits="0"/><line number="40" hits="0"/><line number="41" hits="0"/><line number="42" hits="0"/><line number="45" hits="0"/><line number="46" hits="0"/><line number="47" hits="0"/><line number="48" hits="0"/><line number="49" hits="0"/><line number="50" hits="0"/><line number="53" hits="0"/></lines></class></classes></package><package name="libs/keyforge-physics/src/kernel/compute" line-rate="0.9526411657559198" branch-rate="0" complexity="0"><classes><class name="analysis" filename="libs/keyforge-physics/src/kernel/compute/analysis.rs" line-rate="0.9518716577540107" branch-rate="0" complexity="0"><methods/><lines><line number="14" hits="1"/><line number="16" hits="1"/><line number="17" hits="1"/><line number="18" hits="1"/><line number="19" hits="1"/><line number="20" hits="1"/><line number="21" hits="0"/><line number="25" hits="2"/><line number="26" hits="1"/><line number="27" hits="1"/><line number="29" hits="1"/><line number="33" hits="1"/><line number="43" hits="2"/><line number="44" hits="2"/><line number="45" hits="2"/><line number="47" hits="4"/><line number="48" hits="2"/><line number="49" hits="3"/><line number="50" hits="2"/><line number="51" hits="3"/><line number="52" hits="2"/><line number="56" hits="3"/><line number="57" hits="6"/><line number="59" hits="3"/><line number="60" hits="3"/><line number="61" hits="3"/><line number="62" hits="3"/><line number="63" hits="3"/><line number="64" hits="3"/><line number="67" hits="6"/><line number="68" hits="2"/><line number="69" hits="1"/><line number="70" hits="1"/><line number="71" hits="1"/><line number="75" hits="1"/><line number="76" hits="1"/><line number="77" hits="1"/><line number="79" hits="1"/><line number="80" hits="2"/><line number="81" hits="1"/><line number="83" hits="1"/><line number="84" hits="1"/><line number="85" hits="2"/><line number="86" hits="2"/><line number="88" hits="2"/><line number="89" hits="1"/><line number="90" hits="1"/><line number="96" hits="1"/><line number="97" hits="1"/><line number="100" hits="1"/><line number="101" hits="1"/><line number="102" hits="1"/><line number="103" hits="1"/><line number="104" hits="1"/><line number="106" hits="1"/><line number="107" hits="1"/><line number="110" hits="1"/><line number="112" hits="1"/><line number="113" hits="2"/><line number="114" hits="1"/><line number="117" hits="3"/><line number="118" hits="1"/><line number="121" hits="1"/><line number="127" hits="3"/><line number="128" hits="4"/><line number="129" hits="1"/><line number="130" hits="2"/><line number="134" hits="1"/><line number="135" hits="2"/><line number="138" hits="1"/><line number="139" hits="2"/><line number="141" hits="2"/><line number="143" hits="2"/><line number="147" hits="0"/><line number="148" hits="0"/><line number="149" hits="0"/><line number="151" hits="0"/><line number="152" hits="0"/><line number="155" hits="0"/><line number="156" hits="0"/><line number="157" hits="0"/><line number="163" hits="2"/><line number="167" hits="3"/><line number="168" hits="1"/><line number="171" hits="2"/><line number="173" hits="3"/><line number="175" hits="2"/><line number="178" hits="1"/><line number="179" hits="1"/><line number="182" hits="1"/><line number="183" hits="1"/><line number="185" hits="2"/><line number="186" hits="1"/><line number="187" hits="2"/><line number="193" hits="2"/><line number="197" hits="2"/><line number="198" hits="1"/><line number="199" hits="1"/><line number="200" hits="1"/><line number="201" hits="1"/><line number="202" hits="1"/><line number="203" hits="1"/><line number="204" hits="1"/><line number="205" hits="1"/><line number="207" hits="1"/><line number="210" hits="1"/><line number="211" hits="1"/><line number="213" hits="1"/><line number="214" hits="1"/><line number="215" hits="1"/><line number="221" hits="2"/><line number="222" hits="1"/><line number="223" hits="1"/><line number="227" hits="2"/><line number="228" hits="2"/><line number="230" hits="6"/><line number="231" hits="2"/><line number="235" hits="2"/><line number="239" hits="6"/><line number="240" hits="4"/><line number="241" hits="3"/><line number="242" hits="1"/><line number="243" hits="1"/><line number="244" hits="1"/><line number="248" hits="2"/><line number="249" hits="2"/><line number="250" hits="5"/><line number="251" hits="4"/><line number="252" hits="4"/><line number="253" hits="2"/><line number="254" hits="2"/><line number="257" hits="2"/><line number="258" hits="2"/><line number="263" hits="2"/><line number="264" hits="2"/><line number="265" hits="6"/><line number="266" hits="3"/><line number="270" hits="2"/><line number="271" hits="5"/><line number="272" hits="1"/><line number="273" hits="1"/><line number="274" hits="1"/><line number="276" hits="2"/><line number="278" hits="4"/><line number="279" hits="4"/><line number="280" hits="2"/><line number="283" hits="4"/><line number="284" hits="2"/><line number="285" hits="3"/><line number="287" hits="5"/><line number="293" hits="2"/><line number="294" hits="3"/><line number="295" hits="2"/><line number="296" hits="2"/><line number="299" hits="3"/><line number="300" hits="1"/><line number="302" hits="8"/><line number="303" hits="2"/><line number="306" hits="10"/><line number="307" hits="2"/><line number="309" hits="6"/><line number="310" hits="3"/><line number="312" hits="3"/><line number="313" hits="2"/><line number="314" hits="1"/><line number="316" hits="4"/><line number="317" hits="1"/><line number="318" hits="1"/><line number="320" hits="4"/><line number="321" hits="1"/><line number="322" hits="1"/><line number="325" hits="2"/><line number="326" hits="4"/><line number="327" hits="2"/><line number="328" hits="4"/><line number="329" hits="2"/><line number="332" hits="4"/><line number="335" hits="2"/><line number="336" hits="5"/><line number="337" hits="2"/><line number="338" hits="5"/><line number="339" hits="2"/><line number="342" hits="4"/><line number="343" hits="3"/><line number="344" hits="4"/><line number="345" hits="3"/><line number="347" hits="2"/></lines></class><class name="delta" filename="libs/keyforge-physics/src/kernel/compute/delta.rs" line-rate="0.96045197740113" branch-rate="0" complexity="0"><methods/><lines><line number="13" hits="2"/><line number="20" hits="2"/><line number="21" hits="2"/><line number="22" hits="1"/><line number="24" hits="2"/><line number="25" hits="4"/><line number="26" hits="2"/><line number="27" hits="0"/><line number="30" hits="2"/><line number="33" hits="2"/><line number="34" hits="2"/><line number="36" hits="2"/><line number="37" hits="2"/><line number="40" hits="2"/><line number="41" hits="2"/><line number="42" hits="4"/><line number="43" hits="2"/><line number="44" hits="2"/><line number="45" hits="4"/><line number="46" hits="2"/><line number="49" hits="2"/><line number="50" hits="2"/><line number="51" hits="4"/><line number="52" hits="2"/><line number="55" hits="2"/><line number="58" hits="2"/><line number="59" hits="2"/><line number="60" hits="4"/><line number="61" hits="2"/><line number="62" hits="2"/><line number="63" hits="4"/><line number="64" hits="2"/><line number="67" hits="2"/><line number="68" hits="2"/><line number="69" hits="4"/><line number="70" hits="2"/><line number="73" hits="2"/><line number="77" hits="2"/><line number="78" hits="5"/><line number="79" hits="6"/><line number="80" hits="1"/><line number="81" hits="2"/><line number="82" hits="1"/><line number="86" hits="1"/><line number="87" hits="2"/><line number="88" hits="2"/><line number="89" hits="1"/><line number="90" hits="2"/><line number="91" hits="1"/><line number="93" hits="1"/><line number="94" hits="2"/><line number="96" hits="2"/><line number="97" hits="1"/><line number="98" hits="1"/><line number="101" hits="2"/><line number="102" hits="1"/><line number="104" hits="3"/><line number="105" hits="1"/><line number="109" hits="1"/><line number="113" hits="4"/><line number="114" hits="2"/><line number="115" hits="7"/><line number="116" hits="1"/><line number="117" hits="1"/><line number="118" hits="1"/><line number="122" hits="1"/><line number="123" hits="1"/><line number="124" hits="2"/><line number="125" hits="1"/><line number="126" hits="2"/><line number="127" hits="1"/><line number="129" hits="1"/><line number="130" hits="2"/><line number="132" hits="1"/><line number="133" hits="0"/><line number="134" hits="0"/><line number="137" hits="2"/><line number="138" hits="1"/><line number="140" hits="2"/><line number="141" hits="1"/><line number="145" hits="1"/><line number="149" hits="4"/><line number="150" hits="5"/><line number="151" hits="9"/><line number="152" hits="1"/><line number="153" hits="2"/><line number="156" hits="1"/><line number="157" hits="1"/><line number="161" hits="1"/><line number="162" hits="1"/><line number="163" hits="2"/><line number="164" hits="1"/><line number="165" hits="2"/><line number="166" hits="1"/><line number="168" hits="1"/><line number="169" hits="2"/><line number="171" hits="1"/><line number="172" hits="0"/><line number="173" hits="0"/><line number="176" hits="2"/><line number="177" hits="1"/><line number="179" hits="2"/><line number="180" hits="1"/><line number="184" hits="1"/><line number="188" hits="3"/><line number="189" hits="2"/><line number="190" hits="6"/><line number="191" hits="1"/><line number="192" hits="2"/><line number="195" hits="1"/><line number="196" hits="1"/><line number="200" hits="1"/><line number="201" hits="1"/><line number="202" hits="2"/><line number="203" hits="1"/><line number="204" hits="2"/><line number="205" hits="1"/><line number="207" hits="1"/><line number="208" hits="2"/><line number="210" hits="1"/><line number="211" hits="0"/><line number="212" hits="0"/><line number="215" hits="2"/><line number="216" hits="1"/><line number="218" hits="2"/><line number="219" hits="1"/><line number="223" hits="1"/><line number="227" hits="2"/><line number="228" hits="1"/><line number="229" hits="1"/><line number="232" hits="1"/><line number="233" hits="2"/><line number="234" hits="3"/><line number="235" hits="1"/><line number="236" hits="1"/><line number="237" hits="1"/><line number="238" hits="2"/><line number="242" hits="1"/><line number="243" hits="1"/><line number="244" hits="3"/><line number="245" hits="1"/><line number="246" hits="1"/><line number="247" hits="1"/><line number="248" hits="2"/><line number="252" hits="1"/><line number="253" hits="1"/><line number="254" hits="3"/><line number="255" hits="1"/><line number="256" hits="2"/><line number="259" hits="1"/><line number="260" hits="1"/><line number="261" hits="1"/><line number="265" hits="1"/><line number="266" hits="1"/><line number="267" hits="3"/><line number="268" hits="1"/><line number="269" hits="2"/><line number="272" hits="1"/><line number="273" hits="1"/><line number="274" hits="1"/><line number="278" hits="1"/><line number="279" hits="1"/><line number="280" hits="3"/><line number="281" hits="1"/><line number="282" hits="1"/><line number="283" hits="2"/><line number="286" hits="1"/><line number="287" hits="1"/><line number="291" hits="1"/><line number="292" hits="1"/><line number="293" hits="3"/><line number="294" hits="1"/><line number="295" hits="1"/><line number="296" hits="1"/><line number="299" hits="1"/><line number="300" hits="1"/><line number="304" hits="2"/></lines></class><class name="flow" filename="libs/keyforge-physics/src/kernel/compute/flow.rs" line-rate="0.9574468085106383" branch-rate="0" complexity="0"><methods/><lines><line number="8" hits="1"/><line number="9" hits="1"/><line number="10" hits="1"/><line number="11" hits="1"/><line number="12" hits="1"/><line number="13" hits="1"/><line number="16" hits="2"/><line number="17" hits="1"/><line number="20" hits="1"/><line number="21" hits="1"/><line number="22" hits="2"/><line number="23" hits="1"/><line number="26" hits="3"/><line number="27" hits="0"/><line number="29" hits="1"/><line number="30" hits="1"/><line number="32" hits="0"/><line number="36" hits="2"/><line number="37" hits="4"/><line number="38" hits="2"/><line number="39" hits="3"/><line number="40" hits="2"/><line number="42" hits="1"/><line number="47" hits="1"/><line number="56" hits="1"/><line number="57" hits="1"/><line number="58" hits="1"/><line number="59" hits="2"/><line number="60" hits="1"/><line number="63" hits="1"/><line number="64" hits="2"/><line number="65" hits="2"/><line number="66" hits="2"/><line number="67" hits="1"/><line number="68" hits="2"/><line number="69" hits="1"/><line number="75" hits="1"/><line number="76" hits="2"/><line number="77" hits="2"/><line number="78" hits="2"/><line number="79" hits="1"/><line number="80" hits="1"/><line number="81" hits="1"/><line number="82" hits="1"/><line number="83" hits="2"/><line number="84" hits="1"/><line number="90" hits="1"/></lines></class><class name="scoring" filename="libs/keyforge-physics/src/kernel/compute/scoring.rs" line-rate="0.9333333333333333" branch-rate="0" complexity="0"><methods/><lines><line number="10" hits="3"/><line number="15" hits="4"/><line number="18" hits="5"/><line number="19" hits="2"/><line number="20" hits="9"/><line number="21" hits="8"/><line number="22" hits="9"/><line number="26" hits="4"/><line number="27" hits="5"/><line number="28" hits="2"/><line number="30" hits="7"/><line number="31" hits="12"/><line number="32" hits="4"/><line number="33" hits="0"/><line number="37" hits="3"/><line number="38" hits="3"/><line number="42" hits="6"/><line number="43" hits="3"/><line number="44" hits="9"/><line number="45" hits="6"/><line number="46" hits="3"/><line number="47" hits="6"/><line number="50" hits="3"/><line number="51" hits="3"/><line number="55" hits="2"/><line number="56" hits="5"/><line number="57" hits="3"/><line number="58" hits="4"/><line number="59" hits="3"/><line number="63" hits="6"/><line number="64" hits="5"/><line number="65" hits="1"/><line number="67" hits="3"/><line number="68" hits="0"/><line number="72" hits="5"/><line number="76" hits="5"/><line number="77" hits="5"/><line number="78" hits="10"/><line number="79" hits="5"/><line number="80" hits="5"/><line number="81" hits="5"/><line number="82" hits="10"/><line number="84" hits="10"/><line number="85" hits="3"/><line number="86" hits="3"/><line number="87" hits="3"/><line number="91" hits="3"/><line number="92" hits="6"/><line number="93" hits="3"/><line number="94" hits="2"/><line number="95" hits="1"/><line number="97" hits="4"/><line number="98" hits="1"/><line number="99" hits="0"/><line number="103" hits="6"/><line number="104" hits="2"/><line number="109" hits="5"/><line number="110" hits="3"/><line number="111" hits="6"/><line number="112" hits="1"/><line number="114" hits="3"/><line number="115" hits="0"/><line number="120" hits="3"/><line number="124" hits="3"/><line number="125" hits="2"/><line number="126" hits="5"/><line number="127" hits="3"/><line number="128" hits="2"/><line number="129" hits="3"/><line number="130" hits="5"/><line number="132" hits="5"/><line number="133" hits="1"/><line number="134" hits="2"/><line number="135" hits="1"/><line number="136" hits="1"/><line number="138" hits="1"/><line number="142" hits="1"/><line number="143" hits="2"/><line number="144" hits="2"/><line number="145" hits="2"/><line number="146" hits="1"/><line number="147" hits="2"/><line number="148" hits="1"/><line number="154" hits="2"/><line number="155" hits="1"/><line number="156" hits="1"/><line number="157" hits="0"/><line number="159" hits="1"/><line number="160" hits="0"/><line number="165" hits="2"/></lines></class><class name="state" filename="libs/keyforge-physics/src/kernel/compute/state.rs" line-rate="0.9583333333333334" branch-rate="0" complexity="0"><methods/><lines><line number="16" hits="2"/><line number="25" hits="2"/><line number="28" hits="2"/><line number="29" hits="4"/><line number="30" hits="2"/><line number="32" hits="2"/><line number="33" hits="2"/><line number="36" hits="4"/><line number="37" hits="6"/><line number="41" hits="8"/><line number="42" hits="12"/><line number="46" hits="10"/><line number="47" hits="7"/><line number="48" hits="9"/><line number="49" hits="13"/><line number="50" hits="13"/><line number="55" hits="14"/><line number="56" hits="14"/><line number="59" hits="18"/><line number="60" hits="5"/><line number="61" hits="14"/><line number="62" hits="14"/><line number="63" hits="14"/><line number="64" hits="14"/><line number="78" hits="0"/><line number="95" hits="2"/><line number="96" hits="3"/><line number="97" hits="0"/><line number="99" hits="5"/><line number="100" hits="9"/><line number="101" hits="4"/><line number="102" hits="1"/><line number="104" hits="9"/><line number="120" hits="7"/><line number="122" hits="4"/><line number="123" hits="7"/><line number="124" hits="11"/><line number="128" hits="10"/><line number="129" hits="5"/><line number="130" hits="10"/><line number="138" hits="3"/><line number="139" hits="7"/><line number="142" hits="2"/><line number="143" hits="8"/><line number="144" hits="2"/><line number="145" hits="5"/><line number="146" hits="8"/><line number="147" hits="8"/></lines></class></classes></package><package name="corpora/openbookcorpus/src" line-rate="0" branch-rate="0" complexity="0"><classes><class name="main" filename="corpora/openbookcorpus/src/main.rs" line-rate="0" branch-rate="0" complexity="0"><methods/><lines><line number="120" hits="0"/><line number="121" hits="0"/><line number="122" hits="0"/><line number="123" hits="0"/><line number="124" hits="0"/><line number="125" hits="0"/><line number="128" hits="0"/><line number="129" hits="0"/><line number="133" hits="0"/><line number="134" hits="0"/><line number="135" hits="0"/><line number="156" hits="0"/><line number="157" hits="0"/><line number="159" hits="0"/><line number="160" hits="0"/><line number="162" hits="0"/><line number="163" hits="0"/><line number="164" hits="0"/><line number="166" hits="0"/><line number="167" hits="0"/><line number="168" hits="0"/><line number="175" hits="0"/><line number="176" hits="0"/><line number="178" hits="0"/><line number="179" hits="0"/><line number="180" hits="0"/><line number="181" hits="0"/><line number="183" hits="0"/><line number="184" hits="0"/><line number="185" hits="0"/><line number="186" hits="0"/><line number="190" hits="0"/><line number="197" hits="0"/><line number="198" hits="0"/><line number="205" hits="0"/><line number="206" hits="0"/><line number="207" hits="0"/><line number="211" hits="0"/><line number="212" hits="0"/><line number="213" hits="0"/><line number="214" hits="0"/><line number="215" hits="0"/><line number="216" hits="0"/><line number="217" hits="0"/><line number="219" hits="0"/><line number="220" hits="0"/><line number="224" hits="0"/><line number="228" hits="0"/><line number="229" hits="0"/><line number="230" hits="0"/><line number="231" hits="0"/><line number="232" hits="0"/><line number="233" hits="0"/><line number="234" hits="0"/><line number="235" hits="0"/><line number="236" hits="0"/><line number="239" hits="0"/><line number="242" hits="0"/><line number="246" hits="0"/><line number="247" hits="0"/><line number="248" hits="0"/><line number="250" hits="0"/><line number="251" hits="0"/><line number="252" hits="0"/><line number="254" hits="0"/><line number="256" hits="0"/><line number="257" hits="0"/><line number="259" hits="0"/><line number="260" hits="0"/><line number="262" hits="0"/><line number="263" hits="0"/><line number="265" hits="0"/><line number="559" hits="0"/><line number="560" hits="0"/><line number="561" hits="0"/><line number="563" hits="0"/><line number="564" hits="0"/><line number="565" hits="0"/><line number="567" hits="0"/><line number="568" hits="0"/><line number="569" hits="0"/><line number="571" hits="0"/><line number="573" hits="0"/></lines></class></classes></package><package name="libs/keyforge-runner/tests" line-rate="0" branch-rate="0" complexity="0"><classes><class name="runner_integration" filename="libs/keyforge-runner/tests/runner_integration.rs" line-rate="0" branch-rate="0" complexity="0"><methods/><lines><line number="16" hits="0"/><line number="17" hits="0"/><line number="18" hits="0"/><line number="19" hits="0"/><line number="20" hits="0"/><line number="21" hits="0"/><line number="22" hits="0"/><line number="23" hits="0"/><line number="24" hits="0"/><line number="26" hits="0"/><line number="27" hits="0"/><line number="28" hits="0"/><line number="29" hits="0"/><line number="31" hits="0"/><line number="32" hits="0"/><line number="34" hits="0"/><line number="35" hits="0"/><line number="38" hits="0"/><line number="39" hits="0"/><line number="40" hits="0"/><line number="41" hits="0"/><line number="42" hits="0"/><line number="43" hits="0"/><line number="46" hits="0"/><line number="47" hits="0"/><line number="48" hits="0"/><line number="49" hits="0"/><line number="50" hits="0"/><line number="51" hits="0"/><line number="54" hits="0"/><line number="55" hits="0"/><line number="56" hits="0"/><line number="57" hits="0"/><line number="60" hits="0"/></lines></class></classes></package><package name="apps/keyforge-ui/src-tauri/target/debug/build/cssparser-f241ad0fe748ed31/out" line-rate="0" branch-rate="0" complexity="0"><classes><class name="tokenizer" filename="apps/keyforge-ui/src-tauri/target/debug/build/cssparser-f241ad0fe748ed31/out/tokenizer.rs" line-rate="0" branch-rate="0" complexity="0"><methods/><lines><line number="10" hits="0"/><line number="11" hits="0"/><line number="18" hits="0"/><line number="19" hits="0"/><line number="20" hits="0"/><line number="24" hits="0"/><line number="25" hits="0"/><line number="26" hits="0"/><line number="27" hits="0"/><line number="28" hits="0"/><line number="29" hits="0"/><line number="30" hits="0"/><line number="31" hits="0"/><line number="34" hits="0"/><line number="35" hits="0"/><line number="36" hits="0"/><line number="37" hits="0"/><line number="38" hits="0"/><line number="40" hits="0"/><line number="42" hits="0"/><line number="43" hits="0"/><line number="44" hits="0"/><line number="45" hits="0"/><line number="46" hits="0"/><line number="48" hits="0"/><line number="50" hits="0"/><line number="51" hits="0"/><line number="52" hits="0"/><line number="53" hits="0"/><line number="54" hits="0"/><line number="55" hits="0"/><line number="56" hits="0"/><line number="57" hits="0"/><line number="58" hits="0"/><line number="59" hits="0"/><line number="60" hits="0"/><line number="62" hits="0"/><line number="64" hits="0"/><line number="65" hits="0"/><line number="66" hits="0"/><line number="67" hits="0"/><line number="68" hits="0"/><line number="70" hits="0"/><line number="71" hits="0"/><line number="73" hits="0"/><line number="74" hits="0"/><line number="75" hits="0"/><line number="76" hits="0"/><line number="77" hits="0"/><line number="78" hits="0"/><line number="79" hits="0"/><line number="80" hits="0"/><line number="81" hits="0"/><line number="82" hits="0"/><line number="83" hits="0"/><line number="84" hits="0"/><line number="85" hits="0"/><line number="86" hits="0"/><line number="88" hits="0"/><line number="89" hits="0"/><line number="90" hits="0"/><line number="91" hits="0"/><line number="92" hits="0"/><line number="93" hits="0"/><line number="94" hits="0"/><line number="95" hits="0"/><line number="96" hits="0"/><line number="97" hits="0"/><line number="98" hits="0"/><line number="99" hits="0"/><line number="100" hits="0"/><line number="101" hits="0"/><line number="106" hits="0"/><line number="108" hits="0"/><line number="110" hits="0"/><line number="112" hits="0"/><line number="114" hits="0"/><line number="130" hits="0"/><line number="131" hits="0"/><line number="136" hits="0"/><line number="138" hits="0"/><line number="140" hits="0"/><line number="142" hits="0"/><line number="144" hits="0"/><line number="178" hits="0"/><line number="179" hits="0"/><line number="184" hits="0"/><line number="185" hits="0"/><line number="186" hits="0"/><line number="190" hits="0"/><line number="192" hits="0"/><line number="194" hits="0"/><line number="196" hits="0"/><line number="198" hits="0"/><line number="200" hits="0"/><line number="202" hits="0"/><line number="204" hits="0"/><line number="205" hits="0"/><line number="206" hits="0"/><line number="207" hits="0"/><line number="209" hits="0"/><line number="211" hits="0"/><line number="214" hits="0"/><line number="216" hits="0"/><line number="217" hits="0"/><line number="219" hits="0"/><line number="222" hits="0"/><line number="224" hits="0"/><line number="226" hits="0"/><line number="228" hits="0"/><line number="230" hits="0"/><line number="232" hits="0"/><line number="234" hits="0"/><line number="236" hits="0"/><line number="237" hits="0"/><line number="239" hits="0"/><line number="242" hits="0"/><line number="244" hits="0"/><line number="245" hits="0"/><line number="247" hits="0"/><line number="250" hits="0"/><line number="252" hits="0"/><line number="254" hits="0"/><line number="256" hits="0"/><line number="257" hits="0"/><line number="258" hits="0"/><line number="259" hits="0"/><line number="260" hits="0"/><line number="261" hits="0"/><line number="263" hits="0"/><line number="266" hits="0"/><line number="268" hits="0"/><line number="269" hits="0"/><line number="271" hits="0"/><line number="274" hits="0"/><line number="373" hits="0"/><line number="374" hits="0"/><line number="375" hits="0"/><line number="377" hits="0"/><line number="378" hits="0"/><line number="379" hits="0"/><line number="383" hits="0"/><line number="385" hits="0"/><line number="387" hits="0"/><line number="389" hits="0"/><line number="391" hits="0"/><line number="393" hits="0"/><line number="398" hits="0"/><line number="399" hits="0"/><line number="400" hits="0"/><line number="401" hits="0"/><line number="402" hits="0"/><line number="403" hits="0"/><line number="405" hits="0"/><line number="406" hits="0"/><line number="411" hits="0"/><line number="413" hits="0"/><line number="414" hits="0"/><line number="417" hits="0"/><line number="419" hits="0"/><line number="421" hits="0"/><line number="423" hits="0"/><line number="425" hits="0"/><line number="427" hits="0"/><line number="429" hits="0"/><line number="431" hits="0"/><line number="436" hits="0"/><line number="437" hits="0"/><line number="438" hits="0"/><line number="439" hits="0"/><line number="441" hits="0"/><line number="442" hits="0"/><line number="443" hits="0"/><line number="444" hits="0"/><line number="449" hits="0"/><line number="451" hits="0"/><line number="452" hits="0"/><line number="453" hits="0"/><line number="455" hits="0"/><line number="457" hits="0"/><line number="458" hits="0"/><line number="459" hits="0"/><line number="461" hits="0"/><line number="463" hits="0"/><line number="465" hits="0"/><line number="467" hits="0"/><line number="469" hits="0"/><line number="471" hits="0"/><line number="473" hits="0"/><line number="475" hits="0"/><line number="477" hits="0"/><line number="479" hits="0"/><line number="484" hits="0"/><line number="485" hits="0"/><line number="489" hits="0"/><line number="491" hits="0"/><line number="492" hits="0"/><line number="493" hits="0"/><line number="495" hits="0"/><line number="497" hits="0"/><line number="498" hits="0"/><line number="501" hits="0"/><line number="503" hits="0"/><line number="504" hits="0"/><line number="507" hits="0"/><line number="509" hits="0"/><line number="510" hits="0"/><line number="511" hits="0"/><line number="512" hits="0"/><line number="513" hits="0"/><line number="515" hits="0"/><line number="517" hits="0"/><line number="519" hits="0"/><line number="521" hits="0"/><line number="523" hits="0"/><line number="525" hits="0"/><line number="527" hits="0"/><line number="529" hits="0"/><line number="531" hits="0"/><line number="535" hits="0"/><line number="536" hits="0"/><line number="537" hits="0"/><line number="538" hits="0"/><line number="539" hits="0"/><line number="540" hits="0"/><line number="541" hits="0"/><line number="542" hits="0"/><line number="543" hits="0"/><line number="544" hits="0"/><line number="546" hits="0"/><line number="548" hits="0"/><line number="550" hits="0"/><line number="551" hits="0"/><line number="552" hits="0"/><line number="553" hits="0"/><line number="554" hits="0"/><line number="556" hits="0"/><line number="558" hits="0"/><line number="560" hits="0"/><line number="562" hits="0"/><line number="564" hits="0"/><line number="570" hits="0"/><line number="572" hits="0"/><line number="574" hits="0"/><line number="576" hits="0"/><line number="581" hits="0"/><line number="582" hits="0"/><line number="583" hits="0"/><line number="584" hits="0"/><line number="586" hits="0"/><line number="589" hits="0"/><line number="591" hits="0"/><line number="592" hits="0"/><line number="593" hits="0"/><line number="594" hits="0"/><line number="599" hits="0"/><line number="601" hits="0"/><line number="603" hits="0"/><line number="605" hits="0"/><line number="607" hits="0"/><line number="609" hits="0"/><line number="611" hits="0"/><line number="613" hits="0"/><line number="615" hits="0"/><line number="617" hits="0"/><line number="619" hits="0"/><line number="621" hits="0"/><line number="626" hits="0"/><line number="627" hits="0"/><line number="631" hits="0"/><line number="633" hits="0"/><line number="635" hits="0"/><line number="637" hits="0"/><line number="638" hits="0"/><line number="639" hits="0"/><line number="641" hits="0"/><line number="643" hits="0"/><line number="645" hits="0"/><line number="647" hits="0"/><line number="649" hits="0"/><line number="651" hits="0"/><line number="653" hits="0"/><line number="655" hits="0"/><line number="657" hits="0"/><line number="659" hits="0"/><line number="665" hits="0"/><line number="666" hits="0"/><line number="697" hits="0"/><line number="698" hits="0"/><line number="699" hits="0"/><line number="700" hits="0"/><line number="701" hits="0"/><line number="702" hits="0"/><line number="703" hits="0"/><line number="704" hits="0"/><line number="706" hits="0"/><line number="707" hits="0"/><line number="708" hits="0"/><line number="709" hits="0"/><line number="712" hits="0"/><line number="713" hits="0"/><line number="714" hits="0"/><line number="715" hits="0"/><line number="716" hits="0"/><line number="717" hits="0"/><line number="718" hits="0"/><line number="719" hits="0"/><line number="720" hits="0"/><line number="722" hits="0"/><line number="724" hits="0"/><line number="725" hits="0"/><line number="726" hits="0"/><line number="727" hits="0"/><line number="728" hits="0"/><line number="730" hits="0"/><line number="733" hits="0"/><line number="734" hits="0"/><line number="735" hits="0"/><line number="736" hits="0"/><line number="738" hits="0"/><line number="747" hits="0"/><line number="749" hits="0"/><line number="751" hits="0"/><line number="753" hits="0"/><line number="754" hits="0"/><line number="755" hits="0"/><line number="756" hits="0"/><line number="757" hits="0"/><line number="763" hits="0"/><line number="766" hits="0"/><line number="768" hits="0"/><line number="770" hits="0"/><line number="772" hits="0"/><line number="773" hits="0"/><line number="776" hits="0"/><line number="778" hits="0"/><line number="780" hits="0"/><line number="782" hits="0"/><line number="784" hits="0"/><line number="786" hits="0"/><line number="791" hits="0"/><line number="792" hits="0"/><line number="793" hits="0"/><line number="794" hits="0"/><line number="796" hits="0"/><line number="797" hits="0"/><line number="798" hits="0"/><line number="799" hits="0"/><line number="800" hits="0"/><line number="805" hits="0"/><line number="807" hits="0"/><line number="809" hits="0"/><line number="811" hits="0"/><line number="813" hits="0"/><line number="815" hits="0"/><line number="817" hits="0"/><line number="819" hits="0"/><line number="821" hits="0"/><line number="823" hits="0"/><line number="825" hits="0"/><line number="827" hits="0"/><line number="829" hits="0"/><line number="831" hits="0"/><line number="836" hits="0"/><line number="837" hits="0"/><line number="841" hits="0"/><line number="844" hits="0"/><line number="845" hits="0"/><line number="847" hits="0"/><line number="849" hits="0"/><line number="851" hits="0"/><line number="853" hits="0"/><line number="855" hits="0"/><line number="857" hits="0"/><line number="858" hits="0"/><line number="859" hits="0"/><line number="861" hits="0"/><line number="863" hits="0"/><line number="865" hits="0"/><line number="867" hits="0"/><line number="869" hits="0"/><line number="871" hits="0"/><line number="873" hits="0"/><line number="875" hits="0"/><line number="880" hits="0"/><line number="881" hits="0"/><line number="882" hits="0"/><line number="883" hits="0"/><line number="884" hits="0"/><line number="889" hits="0"/><line number="891" hits="0"/><line number="893" hits="0"/><line number="895" hits="0"/><line number="897" hits="0"/><line number="899" hits="0"/><line number="901" hits="0"/><line number="903" hits="0"/><line number="908" hits="0"/><line number="909" hits="0"/><line number="910" hits="0"/><line number="915" hits="0"/><line number="917" hits="0"/><line number="919" hits="0"/><line number="921" hits="0"/><line number="922" hits="0"/><line number="925" hits="0"/><line number="927" hits="0"/><line number="929" hits="0"/><line number="931" hits="0"/><line number="936" hits="0"/><line number="938" hits="0"/><line number="939" hits="0"/><line number="940" hits="0"/><line number="941" hits="0"/><line number="942" hits="0"/><line number="943" hits="0"/><line number="945" hits="0"/></lines></class></classes></package><package name="apps/keyforge-cli/tests/common" line-rate="0" branch-rate="0" complexity="0"><classes></classes></package><package name="libs/keyforge-export/src" line-rate="0" branch-rate="0" complexity="0"><classes></classes></package><package name="corpora/openbookcorpus/target/debug/build/snap-8e3903de24e5856e/out" line-rate="0" branch-rate="0" complexity="0"><classes></classes></package><package name="ops/repros" line-rate="0" branch-rate="0" complexity="0"><classes></classes></package><package name="libs/keyforge-infra/src/asset" line-rate="0" branch-rate="0" complexity="0"><classes><class name="caching_provider" filename="libs/keyforge-infra/src/asset/caching_provider.rs" line-rate="0" branch-rate="0" complexity="0"><methods/><lines><line number="310" hits="0"/><line number="311" hits="0"/><line number="313" hits="0"/><line number="314" hits="0"/><line number="315" hits="0"/><line number="317" hits="0"/><line number="318" hits="0"/><line number="319" hits="0"/><line number="321" hits="0"/><line number="322" hits="0"/><line number="323" hits="0"/><line number="324" hits="0"/><line number="327" hits="0"/><line number="328" hits="0"/><line number="329" hits="0"/><line number="331" hits="0"/><line number="332" hits="0"/><line number="333" hits="0"/><line number="335" hits="0"/><line number="336" hits="0"/><line number="337" hits="0"/><line number="338" hits="0"/><line number="341" hits="0"/><line number="342" hits="0"/><line number="343" hits="0"/><line number="345" hits="0"/><line number="346" hits="0"/><line number="347" hits="0"/><line number="349" hits="0"/><line number="350" hits="0"/><line number="351" hits="0"/><line number="352" hits="0"/><line number="356" hits="0"/></lines></class><class name="fs_provider" filename="libs/keyforge-infra/src/asset/fs_provider.rs" line-rate="0" branch-rate="0" complexity="0"><methods/><lines><line number="67" hits="0"/><line number="68" hits="0"/><line number="69" hits="0"/><line number="70" hits="0"/><line number="71" hits="0"/><line number="72" hits="0"/><line number="73" hits="0"/><line number="75" hits="0"/><line number="76" hits="0"/><line number="83" hits="0"/><line number="84" hits="0"/><line number="85" hits="0"/><line number="86" hits="0"/><line number="87" hits="0"/><line number="88" hits="0"/><line number="90" hits="0"/><line number="91" hits="0"/><line number="129" hits="0"/><line number="130" hits="0"/><line number="131" hits="0"/><line number="134" hits="0"/><line number="135" hits="0"/><line number="136" hits="0"/><line number="137" hits="0"/><line number="141" hits="0"/><line number="142" hits="0"/><line number="143" hits="0"/><line number="144" hits="0"/><line number="148" hits="0"/><line number="149" hits="0"/><line number="150" hits="0"/><line number="152" hits="0"/><line number="156" hits="0"/><line number="157" hits="0"/><line number="158" hits="0"/><line number="159" hits="0"/><line number="163" hits="0"/><line number="164" hits="0"/><line number="165" hits="0"/><line number="166" hits="0"/><line number="167" hits="0"/><line number="171" hits="0"/><line number="172" hits="0"/><line number="173" hits="0"/><line number="174" hits="0"/><line number="177" hits="0"/></lines></class><class name="valkey_provider" filename="libs/keyforge-infra/src/asset/valkey_provider.rs" line-rate="0" branch-rate="0" complexity="0"><methods/><lines><line number="89" hits="0"/><line number="91" hits="0"/><line number="92" hits="0"/><line number="93" hits="0"/><line number="94" hits="0"/><line number="95" hits="0"/><line number="97" hits="0"/><line number="98" hits="0"/><line number="180" hits="0"/><line number="181" hits="0"/><line number="182" hits="0"/><line number="184" hits="0"/><line number="185" hits="0"/><line number="186" hits="0"/><line number="187" hits="0"/><line number="190" hits="0"/><line number="196" hits="0"/><line number="197" hits="0"/><line number="198" hits="0"/><line number="200" hits="0"/><line number="201" hits="0"/><line number="202" hits="0"/><line number="203" hits="0"/><line number="204" hits="0"/><line number="207" hits="0"/><line number="208" hits="0"/><line number="209" hits="0"/></lines></class></classes></package><package name="apps/keyforge-hive/src/infra/queue" line-rate="0" branch-rate="0" complexity="0"><classes><class name="worker" filename="apps/keyforge-hive/src/infra/queue/worker.rs" line-rate="0" branch-rate="0" complexity="0"><methods/><lines><line number="47" hits="0"/><line number="48" hits="0"/><line number="49" hits="0"/><line number="51" hits="0"/><line number="52" hits="0"/><line number="53" hits="0"/><line number="55" hits="0"/><line number="57" hits="0"/><line number="58" hits="0"/><line number="59" hits="0"/><line number="60" hits="0"/><line number="64" hits="0"/><line number="65" hits="0"/><line number="66" hits="0"/><line number="67" hits="0"/><line number="68" hits="0"/><line number="69" hits="0"/><line number="70" hits="0"/><line number="71" hits="0"/><line number="72" hits="0"/><line number="74" hits="0"/><line number="76" hits="0"/><line number="78" hits="0"/><line number="81" hits="0"/><line number="87" hits="0"/><line number="88" hits="0"/><line number="89" hits="0"/><line number="90" hits="0"/><line number="96" hits="0"/><line number="97" hits="0"/><line number="98" hits="0"/><line number="100" hits="0"/><line number="101" hits="0"/><line number="102" hits="0"/><line number="103" hits="0"/><line number="104" hits="0"/><line number="105" hits="0"/><line number="106" hits="0"/><line number="110" hits="0"/><line number="111" hits="0"/><line number="112" hits="0"/><line number="113" hits="0"/></lines></class></classes></package><package name="apps/keyforge-hive/src" line-rate="0" branch-rate="0" complexity="0"><classes><class name="config" filename="apps/keyforge-hive/src/config.rs" line-rate="0" branch-rate="0" complexity="0"><methods/><lines><line number="222" hits="0"/><line number="223" hits="0"/><line number="225" hits="0"/><line number="226" hits="0"/></lines></class><class name="observability" filename="apps/keyforge-hive/src/observability.rs" line-rate="0" branch-rate="0" complexity="0"><methods/><lines><line number="67" hits="0"/><line number="69" hits="0"/><line number="70" hits="0"/><line number="71" hits="0"/><line number="74" hits="0"/><line number="75" hits="0"/><line number="76" hits="0"/><line number="79" hits="0"/><line number="80" hits="0"/><line number="81" hits="0"/><line number="83" hits="0"/><line number="185" hits="0"/><line number="186" hits="0"/><line number="187" hits="0"/><line number="188" hits="0"/><line number="190" hits="0"/><line number="191" hits="0"/><line number="192" hits="0"/><line number="195" hits="0"/><line number="196" hits="0"/><line number="198" hits="0"/><line number="199" hits="0"/><line number="201" hits="0"/><line number="202" hits="0"/><line number="203" hits="0"/><line number="204" hits="0"/><line number="205" hits="0"/><line number="210" hits="0"/><line number="211" hits="0"/></lines></class></classes></package><package name="apps/keyforge-assets/src" line-rate="0" branch-rate="0" complexity="0"><classes></classes></package><package name="apps/keyforge-ui/src-tauri/target/debug/build/typenum-d62348b2b620f57f/out" line-rate="0" branch-rate="0" complexity="0"><classes></classes></package><package name="apps/keyforge-assets/tests" line-rate="0" branch-rate="0" complexity="0"><classes></classes></package><package name="corpora/openbookcorpus/tests" line-rate="0" branch-rate="0" complexity="0"><classes></classes></package><package name="libs/keyforge-evolution/src/supervisor" line-rate="0" branch-rate="0" complexity="0"><classes><class name="annealing" filename="libs/keyforge-evolution/src/supervisor/annealing.rs" line-rate="0" branch-rate="0" complexity="0"><methods/><lines><line number="177" hits="0"/><line number="179" hits="0"/><line number="183" hits="0"/><line number="229" hits="0"/><line number="231" hits="0"/><line number="235" hits="0"/><line number="239" hits="0"/><line number="241" hits="0"/><line number="243" hits="0"/><line number="249" hits="0"/><line number="253" hits="0"/><line number="257" hits="0"/><line number="259" hits="0"/><line number="261" hits="0"/><line number="263" hits="0"/><line number="265" hits="0"/><line number="275" hits="0"/><line number="277" hits="0"/><line number="279" hits="0"/><line number="283" hits="0"/><line number="287" hits="0"/><line number="289" hits="0"/><line number="291" hits="0"/><line number="299" hits="0"/><line number="301" hits="0"/><line number="303" hits="0"/><line number="307" hits="0"/><line number="315" hits="0"/><line number="317" hits="0"/><line number="319" hits="0"/><line number="321" hits="0"/><line number="329" hits="0"/><line number="335" hits="0"/><line number="343" hits="0"/><line number="347" hits="0"/><line number="353" hits="0"/><line number="355" hits="0"/><line number="361" hits="0"/><line number="373" hits="0"/><line number="374" hits="0"/><line number="375" hits="0"/><line number="376" hits="0"/><line number="377" hits="0"/><line number="378" hits="0"/><line number="381" hits="0"/><line number="382" hits="0"/><line number="387" hits="0"/><line number="389" hits="0"/><line number="393" hits="0"/><line number="395" hits="0"/><line number="399" hits="0"/><line number="407" hits="0"/><line number="409" hits="0"/><line number="411" hits="0"/><line number="413" hits="0"/><line number="415" hits="0"/><line number="417" hits="0"/><line number="419" hits="0"/><line number="423" hits="0"/><line number="425" hits="0"/><line number="427" hits="0"/><line number="431" hits="0"/><line number="435" hits="0"/><line number="437" hits="0"/><line number="439" hits="0"/><line number="443" hits="0"/><line number="451" hits="0"/><line number="453" hits="0"/><line number="469" hits="0"/><line number="471" hits="0"/><line number="473" hits="0"/><line number="475" hits="0"/></lines></class><class name="optimizer" filename="libs/keyforge-evolution/src/supervisor/optimizer.rs" line-rate="0" branch-rate="0" complexity="0"><methods/><lines><line number="31" hits="0"/><line number="32" hits="0"/><line number="35" hits="0"/><line number="36" hits="0"/><line number="40" hits="0"/><line number="41" hits="0"/><line number="42" hits="0"/><line number="43" hits="0"/><line number="44" hits="0"/><line number="45" hits="0"/><line number="62" hits="0"/><line number="63" hits="0"/><line number="64" hits="0"/><line number="65" hits="0"/><line number="70" hits="0"/><line number="71" hits="0"/><line number="72" hits="0"/><line number="73" hits="0"/><line number="74" hits="0"/><line number="75" hits="0"/><line number="88" hits="0"/><line number="89" hits="0"/><line number="90" hits="0"/><line number="91" hits="0"/><line number="95" hits="0"/><line number="96" hits="0"/><line number="97" hits="0"/><line number="98" hits="0"/><line number="99" hits="0"/><line number="104" hits="0"/><line number="105" hits="0"/><line number="106" hits="0"/><line number="107" hits="0"/><line number="108" hits="0"/><line number="109" hits="0"/><line number="111" hits="0"/><line number="112" hits="0"/><line number="120" hits="0"/><line number="121" hits="0"/><line number="122" hits="0"/><line number="123" hits="0"/><line number="124" hits="0"/><line number="125" hits="0"/><line number="126" hits="0"/><line number="127" hits="0"/><line number="128" hits="0"/><line number="129" hits="0"/><line number="130" hits="0"/><line number="133" hits="0"/><line number="134" hits="0"/><line number="136" hits="0"/><line number="139" hits="0"/><line number="140" hits="0"/><line number="141" hits="0"/><line number="142" hits="0"/><line number="143" hits="0"/><line number="144" hits="0"/><line number="145" hits="0"/><line number="149" hits="0"/><line number="150" hits="0"/><line number="151" hits="0"/><line number="152" hits="0"/><line number="153" hits="0"/><line number="156" hits="0"/><line number="159" hits="0"/><line number="161" hits="0"/><line number="162" hits="0"/><line number="163" hits="0"/></lines></class></classes></package><package name="apps/keyforge-hive/src/services" line-rate="0" branch-rate="0" complexity="0"><classes></classes></package><package name="apps/keyforge-cli/tests" line-rate="0" branch-rate="0" complexity="0"><classes></classes></package><package name="apps/keyforge-ui/src-tauri/target/debug/build/selectors-b60ca2f6b7074f04/out" line-rate="0" branch-rate="0" complexity="0"><classes></classes></package><package name="libs/keyforge-model/src/utils" line-rate="0" branch-rate="0" complexity="0"><classes><class name="mod" filename="libs/keyforge-model/src/utils/mod.rs" line-rate="0" branch-rate="0" complexity="0"><methods/><lines><line number="24" hits="0"/><line number="25" hits="0"/></lines></class></classes></package><package name="apps/keyforge-hive/src/infra" line-rate="0" branch-rate="0" complexity="0"><classes></classes></package><package name="corpora/openbookcorpus/target/release/build/snap-1ac2bc4ca3596c78/out" line-rate="0" branch-rate="0" complexity="0"><classes></classes></package><package name="libs/keyforge-persistence/src/repo" line-rate="0" branch-rate="0" complexity="0"><classes><class name="user_repo" filename="libs/keyforge-persistence/src/repo/user_repo.rs" line-rate="0" branch-rate="0" complexity="0"><methods/><lines><line number="128" hits="0"/><line number="129" hits="0"/><line number="130" hits="0"/><line number="131" hits="0"/><line number="132" hits="0"/><line number="133" hits="0"/><line number="134" hits="0"/><line number="135" hits="0"/><line number="136" hits="0"/><line number="137" hits="0"/><line number="141" hits="0"/></lines></class></classes></package><package name="libs/keyforge-core/src" line-rate="0" branch-rate="0" complexity="0"><classes><class name="lib" filename="libs/keyforge-core/src/lib.rs" line-rate="0" branch-rate="0" complexity="0"><methods/><lines><line number="147" hits="0"/><line number="163" hits="0"/></lines></class></classes></package><package name="libs/keyforge-evolution/src" line-rate="0" branch-rate="0" complexity="0"><classes></classes></package><package name="libs/keyforge-evolution/src/supervisor/strategies" line-rate="0" branch-rate="0" complexity="0"><classes></classes></package><package name="libs/keyforge-physics/src" line-rate="0.9511854951185496" branch-rate="0" complexity="0"><classes><class name="error" filename="libs/keyforge-physics/src/error.rs" line-rate="1" branch-rate="0" complexity="0"><methods/><lines><line number="38" hits="1"/><line number="39" hits="1"/></lines></class><class name="lib" filename="libs/keyforge-physics/src/lib.rs" line-rate="1" branch-rate="0" complexity="0"><methods/><lines><line number="60" hits="6"/><line number="66" hits="14"/><line number="67" hits="8"/><line number="73" hits="1"/><line number="79" hits="2"/><line number="80" hits="2"/><line number="81" hits="2"/><line number="82" hits="2"/><line number="83" hits="1"/><line number="85" hits="1"/><line number="93" hits="1"/><line number="100" hits="2"/><line number="101" hits="2"/><line number="130" hits="1"/><line number="131" hits="2"/><line number="132" hits="1"/><line number="135" hits="1"/><line number="137" hits="1"/><line number="138" hits="2"/><line number="139" hits="1"/><line number="149" hits="1"/><line number="150" hits="2"/><line number="151" hits="1"/><line number="154" hits="1"/><line number="155" hits="1"/><line number="160" hits="1"/><line number="161" hits="1"/><line number="166" hits="1"/><line number="167" hits="2"/><line number="168" hits="1"/><line number="171" hits="1"/><line number="172" hits="2"/><line number="176" hits="1"/><line number="177" hits="1"/><line number="178" hits="1"/><line number="182" hits="1"/><line number="187" hits="1"/></lines></class><class name="verify" filename="libs/keyforge-physics/src/verify.rs" line-rate="0.8907103825136612" branch-rate="0" complexity="0"><methods/><lines><line number="19" hits="1"/><line number="20" hits="1"/><line number="21" hits="1"/><line number="22" hits="3"/><line number="25" hits="1"/><line number="26" hits="2"/><line number="27" hits="2"/><line number="28" hits="1"/><line number="29" hits="1"/><line number="30" hits="1"/><line number="35" hits="1"/><line number="38" hits="1"/><line number="39" hits="1"/><line number="44" hits="1"/><line number="46" hits="1"/><line number="47" hits="2"/><line number="48" hits="1"/><line number="49" hits="2"/><line number="50" hits="3"/><line number="51" hits="2"/><line number="53" hits="1"/><line number="54" hits="4"/><line number="55" hits="4"/><line number="56" hits="2"/><line number="57" hits="2"/><line number="58" hits="1"/><line number="59" hits="1"/><line number="61" hits="1"/><line number="62" hits="1"/><line number="66" hits="2"/><line number="67" hits="3"/><line number="68" hits="2"/><line number="69" hits="2"/><line number="70" hits="1"/><line number="72" hits="4"/><line number="73" hits="1"/><line number="74" hits="2"/><line number="75" hits="2"/><line number="76" hits="2"/><line number="79" hits="2"/><line number="80" hits="2"/><line number="83" hits="2"/><line number="86" hits="2"/><line number="87" hits="1"/><line number="88" hits="1"/><line number="94" hits="1"/><line number="95" hits="2"/><line number="96" hits="1"/><line number="97" hits="1"/><line number="98" hits="1"/><line number="99" hits="1"/><line number="101" hits="3"/><line number="102" hits="1"/><line number="103" hits="1"/><line number="104" hits="2"/><line number="105" hits="1"/><line number="106" hits="1"/><line number="107" hits="1"/><line number="111" hits="2"/><line number="112" hits="1"/><line number="113" hits="1"/><line number="118" hits="1"/><line number="121" hits="1"/><line number="122" hits="1"/><line number="123" hits="1"/><line number="124" hits="3"/><line number="125" hits="1"/><line number="128" hits="1"/><line number="129" hits="1"/><line number="130" hits="1"/><line number="131" hits="1"/><line number="132" hits="1"/><line number="133" hits="0"/><line number="136" hits="2"/><line number="137" hits="1"/><line number="140" hits="1"/><line number="141" hits="1"/><line number="142" hits="2"/><line number="143" hits="0"/><line number="146" hits="3"/><line number="147" hits="0"/><line number="149" hits="1"/><line number="150" hits="1"/><line number="152" hits="0"/><line number="156" hits="2"/><line number="157" hits="1"/><line number="158" hits="5"/><line number="159" hits="6"/><line number="163" hits="1"/><line number="167" hits="2"/><line number="168" hits="1"/><line number="170" hits="1"/><line number="173" hits="1"/><line number="174" hits="3"/><line number="176" hits="1"/><line number="177" hits="1"/><line number="178" hits="1"/><line number="179" hits="1"/><line number="180" hits="1"/><line number="181" hits="1"/><line number="182" hits="1"/><line number="183" hits="0"/><line number="186" hits="1"/><line number="188" hits="1"/><line number="189" hits="1"/><line number="190" hits="3"/><line number="191" hits="1"/><line number="192" hits="3"/><line number="193" hits="1"/><line number="195" hits="1"/><line number="198" hits="3"/><line number="199" hits="1"/><line number="200" hits="2"/><line number="201" hits="1"/><line number="205" hits="1"/><line number="206" hits="1"/><line number="207" hits="1"/><line number="208" hits="1"/><line number="209" hits="1"/><line number="214" hits="1"/><line number="233" hits="1"/><line number="235" hits="3"/><line number="236" hits="1"/><line number="237" hits="1"/><line number="238" hits="1"/><line number="239" hits="1"/><line number="240" hits="1"/><line number="241" hits="1"/><line number="242" hits="1"/><line number="243" hits="1"/><line number="244" hits="1"/><line number="245" hits="1"/><line number="249" hits="2"/><line number="257" hits="2"/><line number="258" hits="1"/><line number="261" hits="2"/><line number="264" hits="1"/><line number="265" hit
[...]
 hits="0"/><line number="653" hits="0"/><line number="655" hits="0"/><line number="657" hits="0"/><line number="659" hits="0"/><line number="665" hits="0"/><line number="666" hits="0"/><line number="697" hits="0"/><line number="698" hits="0"/><line number="699" hits="0"/><line number="700" hits="0"/><line number="701" hits="0"/><line number="702" hits="0"/><line number="703" hits="0"/><line number="704" hits="0"/><line number="706" hits="0"/><line number="707" hits="0"/><line number="708" hits="0"/><line number="709" hits="0"/><line number="712" hits="0"/><line number="713" hits="0"/><line number="714" hits="0"/><line number="715" hits="0"/><line number="716" hits="0"/><line number="717" hits="0"/><line number="718" hits="0"/><line number="719" hits="0"/><line number="720" hits="0"/><line number="722" hits="0"/><line number="724" hits="0"/><line number="725" hits="0"/><line number="726" hits="0"/><line number="727" hits="0"/><line number="728" hits="0"/><line number="730" hits="0"/><line number="733" hits="0"/><line number="734" hits="0"/><line number="735" hits="0"/><line number="736" hits="0"/><line number="738" hits="0"/><line number="747" hits="0"/><line number="749" hits="0"/><line number="751" hits="0"/><line number="753" hits="0"/><line number="754" hits="0"/><line number="755" hits="0"/><line number="756" hits="0"/><line number="757" hits="0"/><line number="763" hits="0"/><line number="766" hits="0"/><line number="768" hits="0"/><line number="770" hits="0"/><line number="772" hits="0"/><line number="773" hits="0"/><line number="776" hits="0"/><line number="778" hits="0"/><line number="780" hits="0"/><line number="782" hits="0"/><line number="784" hits="0"/><line number="786" hits="0"/><line number="791" hits="0"/><line number="792" hits="0"/><line number="793" hits="0"/><line number="794" hits="0"/><line number="796" hits="0"/><line number="797" hits="0"/><line number="798" hits="0"/><line number="799" hits="0"/><line number="800" hits="0"/><line number="805" hits="0"/><line number="807" hits="0"/><line number="809" hits="0"/><line number="811" hits="0"/><line number="813" hits="0"/><line number="815" hits="0"/><line number="817" hits="0"/><line number="819" hits="0"/><line number="821" hits="0"/><line number="823" hits="0"/><line number="825" hits="0"/><line number="827" hits="0"/><line number="829" hits="0"/><line number="831" hits="0"/><line number="836" hits="0"/><line number="837" hits="0"/><line number="841" hits="0"/><line number="844" hits="0"/><line number="845" hits="0"/><line number="847" hits="0"/><line number="849" hits="0"/><line number="851" hits="0"/><line number="853" hits="0"/><line number="855" hits="0"/><line number="857" hits="0"/><line number="858" hits="0"/><line number="859" hits="0"/><line number="861" hits="0"/><line number="863" hits="0"/><line number="865" hits="0"/><line number="867" hits="0"/><line number="869" hits="0"/><line number="871" hits="0"/><line number="873" hits="0"/><line number="875" hits="0"/><line number="880" hits="0"/><line number="881" hits="0"/><line number="882" hits="0"/><line number="883" hits="0"/><line number="884" hits="0"/><line number="889" hits="0"/><line number="891" hits="0"/><line number="893" hits="0"/><line number="895" hits="0"/><line number="897" hits="0"/><line number="899" hits="0"/><line number="901" hits="0"/><line number="903" hits="0"/><line number="908" hits="0"/><line number="909" hits="0"/><line number="910" hits="0"/><line number="915" hits="0"/><line number="917" hits="0"/><line number="919" hits="0"/><line number="921" hits="0"/><line number="922" hits="0"/><line number="925" hits="0"/><line number="927" hits="0"/><line number="929" hits="0"/><line number="931" hits="0"/><line number="936" hits="0"/><line number="938" hits="0"/><line number="939" hits="0"/><line number="940" hits="0"/><line number="941" hits="0"/><line number="942" hits="0"/><line number="943" hits="0"/><line number="945" hits="0"/></lines></class></classes></package><package name="apps/keyforge-ui/src-tauri/target/debug/build/target-lexicon-9d72ac2a24e8d1c7/out" line-rate="0" branch-rate="0" complexity="0"><classes></classes></package><package name="apps/keyforge-ui/src-tauri/target/debug/build/typenum-b2aee6b087ce1245/out" line-rate="0" branch-rate="0" complexity="0"><classes></classes></package><package name="apps/keyforge-hive/tests" line-rate="0" branch-rate="0" complexity="0"><classes></classes></package><package name="corpora/openbookcorpus/target/debug/build/serde_core-ba7374ee2250a2db/out" line-rate="0" branch-rate="0" complexity="0"><classes></classes></package><package name="libs/keyforge-infra/src/fs" line-rate="0" branch-rate="0" complexity="0"><classes><class name="io" filename="libs/keyforge-infra/src/fs/io.rs" line-rate="0" branch-rate="0" complexity="0"><methods/><lines><line number="28" hits="0"/><line number="29" hits="0"/><line number="30" hits="0"/><line number="31" hits="0"/><line number="33" hits="0"/><line number="34" hits="0"/><line number="35" hits="0"/><line number="36" hits="0"/><line number="37" hits="0"/><line number="38" hits="0"/><line number="39" hits="0"/><line number="40" hits="0"/><line number="41" hits="0"/><line number="42" hits="0"/><line number="52" hits="0"/><line number="53" hits="0"/><line number="54" hits="0"/><line number="55" hits="0"/><line number="56" hits="0"/><line number="57" hits="0"/><line number="59" hits="0"/><line number="60" hits="0"/><line number="62" hits="0"/></lines></class></classes></package><package name="corpora/openbookcorpus/target/release/build/serde-2bfb92bfee02571d/out" line-rate="0" branch-rate="0" complexity="0"><classes></classes></package><package name="libs/keyforge-physics/src/engines" line-rate="0.9154929577464789" branch-rate="0" complexity="0"><classes><class name="exact" filename="libs/keyforge-physics/src/engines/exact.rs" line-rate="1" branch-rate="0" complexity="0"><methods/><lines><line number="18" hits="1"/><line number="19" hits="1"/><line number="30" hits="1"/><line number="34" hits="1"/><line number="42" hits="1"/><line number="43" hits="1"/><line number="46" hits="1"/><line number="47" hits="1"/><line number="50" hits="1"/><line number="51" hits="1"/><line number="54" hits="1"/><line number="61" hits="1"/><line number="63" hits="1"/><line number="64" hits="2"/><line number="65" hits="1"/><line number="67" hits="2"/><line number="69" hits="1"/><line number="70" hits="2"/><line number="73" hits="1"/><line number="74" hits="1"/><line number="75" hits="1"/><line number="78" hits="1"/><line number="80" hits="1"/><line number="86" hits="1"/><line number="87" hits="1"/></lines></class><class name="generic" filename="libs/keyforge-physics/src/engines/generic.rs" line-rate="1" branch-rate="0" complexity="0"><methods/><lines><line number="14" hits="8"/><line number="20" hits="1"/><line number="24" hits="1"/><line number="32" hits="1"/><line number="33" hits="1"/><line number="36" hits="3"/><line number="37" hits="3"/><line number="38" hits="4"/><line number="39" hits="2"/><line number="42" hits="1"/><line number="43" hits="1"/><line number="44" hits="2"/><line number="45" hits="1"/><line number="48" hits="1"/><line number="49" hits="1"/><line number="50" hits="1"/><line number="51" hits="1"/><line number="52" hits="1"/><line number="53" hits="1"/><line number="57" hits="1"/><line number="58" hits="1"/><line number="59" hits="1"/><line number="60" hits="1"/><line number="63" hits="1"/><line number="70" hits="1"/><line number="71" hits="2"/><line number="74" hits="1"/><line number="75" hits="1"/><line number="76" hits="1"/><line number="77" hits="1"/><line number="78" hits="1"/><line number="79" hits="1"/><line number="80" hits="1"/><line number="83" hits="1"/><line number="86" hits="1"/><line number="87" hits="1"/><line number="88" hits="1"/><line number="91" hits="1"/><line number="92" hits="1"/><line number="95" hits="3"/></lines></class><class name="intel_comet_lake" filename="libs/keyforge-physics/src/engines/intel_comet_lake.rs" line-rate="0.8783783783783784" branch-rate="0" complexity="0"><methods/><lines><line number="22" hits="1"/><line number="24" hits="1"/><line number="25" hits="1"/><line number="26" hits="2"/><line number="39" hits="1"/><line number="42" hits="1"/><line number="48" hits="1"/><line number="52" hits="1"/><line number="60" hits="1"/><line number="61" hits="1"/><line number="64" hits="1"/><line number="65" hits="1"/><line number="66" hits="2"/><line number="70" hits="2"/><line number="71" hits="2"/><line number="73" hits="0"/><line number="82" hits="1"/><line number="83" hits="1"/><line number="84" hits="2"/><line number="85" hits="1"/><line number="88" hits="1"/><line number="89" hits="1"/><line number="90" hits="1"/><line number="91" hits="1"/><line number="92" hits="1"/><line number="93" hits="1"/><line number="96" hits="1"/><line number="97" hits="1"/><line number="98" hits="1"/><line number="99" hits="1"/><line number="102" hits="1"/><line number="109" hits="1"/><line number="110" hits="2"/><line number="113" hits="1"/><line number="114" hits="1"/><line number="115" hits="1"/><line number="116" hits="1"/><line number="117" hits="1"/><line number="118" hits="1"/><line number="119" hits="1"/><line number="122" hits="1"/><line number="125" hits="1"/><line number="126" hits="1"/><line number="127" hits="1"/><line number="130" hits="1"/><line number="131" hits="1"/><line number="134" hits="1"/><line number="245" hits="1"/><line number="250" hits="1"/><line number="253" hits="1"/><line number="254" hits="1"/><line number="255" hits="2"/><line number="256" hits="2"/><line number="257" hits="2"/><line number="261" hits="1"/><line number="262" hits="1"/><line number="263" hits="1"/><line number="265" hits="2"/><line number="266" hits="3"/><line number="267" hits="1"/><line number="269" hits="1"/><line number="270" hits="1"/><line number="280" hits="1"/><line number="286" hits="1"/><line number="289" hits="1"/><line number="290" hits="1"/><line number="291" hits="2"/><line number="292" hits="2"/><line number="293" hits="2"/><line number="297" hits="1"/><line number="298" hits="1"/><line number="299" hits="1"/><line number="301" hits="2"/><line number="302" hits="3"/><line number="303" hits="1"/><line number="305" hits="1"/><line number="306" hits="1"/><line number="314" hits="1"/><line number="315" hits="4"/><line number="316" hits="7"/><line number="317" hits="4"/><line number="318" hits="4"/><line number="319" hits="4"/><line number="320" hits="0"/><line number="322" hits="4"/><line number="323" hits="4"/><line number="324" hits="0"/><line number="327" hits="4"/><line number="328" hits="7"/><line number="329" hits="4"/><line number="330" hits="8"/><line number="331" hits="4"/><line number="335" hits="7"/><line number="336" hits="6"/><line number="337" hits="3"/><line number="340" hits="3"/><line number="344" hits="1"/><line number="345" hits="4"/><line number="346" hits="7"/><line number="347" hits="4"/><line number="348" hits="4"/><line number="349" hits="4"/><line number="350" hits="8"/><line number="352" hits="8"/><line number="353" hits="4"/><line number="354" hits="4"/><line number="355" hits="4"/><line number="356" hits="0"/><line number="359" hits="4"/><line number="361" hits="7"/><line number="362" hits="8"/><line number="363" hits="4"/><line number="365" hits="4"/><line number="367" hits="4"/><line number="368" hits="0"/><line number="371" hits="8"/><line number="372" hits="4"/><line number="377" hits="7"/><line number="378" hits="4"/><line number="379" hits="6"/><line number="380" hits="3"/><line number="384" hits="3"/><line number="388" hits="0"/><line number="389" hits="3"/><line number="390" hits="5"/><line number="391" hits="3"/><line number="392" hits="3"/><line number="393" hits="3"/><line number="394" hits="6"/><line number="396" hits="6"/><line number="397" hits="2"/><line number="398" hits="2"/><line number="399" hits="2"/><line number="400" hits="2"/><line number="402" hits="2"/><line number="403" hits="0"/><line number="406" hits="0"/><line number="407" hits="0"/><line number="408" hits="0"/><line number="409" hits="0"/><line number="410" hits="0"/><line number="411" hits="0"/><line number="412" hits="0"/><line number="418" hits="0"/><line number="419" hits="0"/><line number="420" hits="0"/><line number="421" hits="0"/><line number="425" hits="3"/></lines></class></classes></package><package name="libs/keyforge-core/tests" line-rate="0" branch-rate="0" complexity="0"><classes></classes></package><package name="libs/keyforge-protocol/src" line-rate="0" branch-rate="0" complexity="0"><classes><class name="error" filename="libs/keyforge-protocol/src/error.rs" line-rate="0" branch-rate="0" complexity="0"><methods/><lines><line number="77" hits="0"/><line number="80" hits="0"/></lines></class><class name="serde_utils" filename="libs/keyforge-protocol/src/serde_utils.rs" line-rate="0" branch-rate="0" complexity="0"><methods/><lines><line number="28" hits="0"/><line number="29" hits="0"/><line number="30" hits="0"/><line number="32" hits="0"/></lines></class></classes></package><package name="libs/keyforge-wasm/src" line-rate="0" branch-rate="0" complexity="0"><classes><class name="loader" filename="libs/keyforge-wasm/src/loader.rs" line-rate="0" branch-rate="0" complexity="0"><methods/><lines><line number="73" hits="0"/><line number="74" hits="0"/><line number="76" hits="0"/><line number="77" hits="0"/><line number="78" hits="0"/><line number="80" hits="0"/><line number="81" hits="0"/><line number="83" hits="0"/><line number="84" hits="0"/><line number="85" hits="0"/><line number="86" hits="0"/><line number="87" hits="0"/><line number="90" hits="0"/><line number="91" hits="0"/><line number="92" hits="0"/><line number="94" hits="0"/><line number="95" hits="0"/><line number="97" hits="0"/><line number="98" hits="0"/><line number="99" hits="0"/><line number="100" hits="0"/><line number="101" hits="0"/><line number="104" hits="0"/><line number="105" hits="0"/><line number="106" hits="0"/><line number="108" hits="0"/><line number="109" hits="0"/><line number="111" hits="0"/><line number="112" hits="0"/><line number="113" hits="0"/><line number="114" hits="0"/><line number="115" hits="0"/><line number="118" hits="0"/><line number="119" hits="0"/></lines></class></classes></package><package name="apps/keyforge-assetmgr/src/ops" line-rate="0" branch-rate="0" complexity="0"><classes></classes></package><package name="apps/keyforge-assetmgr/src" line-rate="0" branch-rate="0" complexity="0"><classes></classes></package><package name="apps/keyforge-hive/src/infra/repositories" line-rate="0" branch-rate="0" complexity="0"><classes></classes></package><package name="tests/system/src" line-rate="0" branch-rate="0" complexity="0"><classes></classes></package><package name="libs/keyforge-physics/tests" line-rate="1" branch-rate="0" complexity="0"><classes><class name="api_integration" filename="libs/keyforge-physics/tests/api_integration.rs" line-rate="1" branch-rate="0" complexity="0"><methods/><lines><line number="10" hits="1"/><line number="12" hits="3"/><line number="13" hits="1"/><line number="14" hits="1"/><line number="16" hits="1"/><line number="17" hits="1"/><line number="18" hits="1"/><line number="21" hits="1"/><line number="24" hits="1"/><line number="25" hits="1"/><line number="43" hits="1"/></lines></class></classes></package><package name="libs/keyforge-physics/src/kernel" line-rate="0.9668449197860962" branch-rate="0" complexity="0"><classes><class name="compiler" filename="libs/keyforge-physics/src/kernel/compiler.rs" line-rate="0.9852941176470589" branch-rate="0" complexity="0"><methods/><lines><line number="34" hits="2"/><line number="40" hits="13"/><line number="41" hits="6"/><line number="45" hits="13"/><line number="53" hits="15"/><line number="56" hits="4"/><line number="57" hits="11"/><line number="60" hits="7"/><line number="63" hits="13"/><line number="65" hits="6"/><line number="66" hits="2"/><line number="71" hits="7"/><line number="72" hits="4"/><line number="73" hits="4"/><line number="77" hits="5"/><line number="78" hits="2"/><line number="79" hits="1"/><line number="80" hits="1"/><line number="83" hits="3"/><line number="84" hits="8"/><line number="86" hits="9"/><line number="87" hits="21"/><line number="88" hits="14"/><line number="91" hits="2"/><line number="92" hits="4"/><line number="93" hits="2"/><line number="94" hits="1"/><line number="95" hits="1"/><line number="96" hits="0"/><line number="98" hits="3"/><line number="103" hits="2"/><line number="105" hits="6"/><line number="107" hits="4"/><line number="108" hits="9"/><line number="109" hits="4"/><line number="110" hits="9"/><line number="111" hits="4"/><line number="112" hits="9"/><line number="113" hits="4"/><line number="114" hits="9"/><line number="115" hits="2"/><line number="116" hits="5"/><line number="117" hits="5"/><line number="118" hits="7"/><line number="119" hits="6"/><line number="120" hits="7"/><line number="121" hits="6"/><line number="122" hits="7"/><line number="123" hits="6"/><line number="124" hits="7"/><line number="125" hits="6"/><line number="126" hits="7"/><line number="127" hits="6"/><line number="128" hits="7"/><line number="129" hits="6"/><line number="130" hits="7"/><line number="131" hits="6"/><line number="132" hits="7"/><line number="133" hits="6"/><line number="134" hits="7"/><line number="135" hits="6"/><line number="136" hits="15"/><line number="137" hits="9"/><line number="139" hits="12"/><line number="140" hits="7"/><line number="141" hits="7"/><line number="142" hits="6"/><line number="143" hits="7"/></lines></class><class name="mechanics" filename="libs/keyforge-physics/src/kernel/mechanics.rs" line-rate="0.9846153846153847" branch-rate="0" complexity="0"><methods/><lines><line number="19" hits="5"/><line number="20" hits="6"/><line number="21" hits="8"/><line number="23" hits="6"/><line number="24" hits="8"/><line number="27" hits="6"/><line number="28" hits="8"/><line number="30" hits="6"/><line number="31" hits="8"/><line number="32" hits="6"/><line number="33" hits="8"/><line number="35" hits="6"/><line number="36" hits="2"/><line number="39" hits="12"/><line number="42" hits="8"/><line number="43" hits="6"/><line number="44" hits="8"/><line number="46" hits="6"/><line number="48" hits="14"/><line number="49" hits="1"/><line number="50" hits="1"/><line number="54" hits="8"/><line number="56" hits="6"/><line number="57" hits="2"/><line number="58" hits="4"/><line number="60" hits="2"/><line number="61" hits="4"/><line number="63" hits="3"/><line number="64" hits="1"/><line number="65" hits="3"/><line number="68" hits="1"/><line number="69" hits="0"/><line number="72" hits="3"/><line number="73" hits="4"/><line number="75" hits="1"/><line number="76" hits="4"/><line number="77" hits="6"/><line number="78" hits="2"/><line number="79" hits="2"/><line number="80" hits="2"/><line number="81" hits="3"/><line number="82" hits="1"/><line number="83" hits="1"/><line number="84" hits="3"/><line number="85" hits="3"/><line number="86" hits="1"/><line number="87" hits="1"/><line number="89" hits="3"/><line number="90" hits="1"/><line number="91" hits="1"/><line number="93" hits="1"/><line number="96" hits="6"/><line number="97" hits="11"/><line number="99" hits="15"/><line number="100" hits="5"/><line number="101" hits="3"/><line number="102" hits="1"/><line number="103" hits="1"/><line number="104" hits="5"/><line number="105" hits="4"/><line number="106" hits="6"/><line number="107" hits="3"/><line number="108" hits="1"/><line number="109" hits="1"/><line number="114" hits="2"/></lines></class><class name="types" filename="libs/keyforge-physics/src/kernel/types.rs" line-rate="1" branch-rate="0" complexity="0"><methods/><lines><line number="26" hits="2"/><line number="27" hits="9"/><line number="28" hits="1"/><line number="30" hits="4"/><line number="33" hits="4"/><line number="34" hits="6"/></lines></class></classes></package></packages></coverage>